<?xml version="1.0" encoding="UTF-8"?>
<!-- Generated by org.testng.reporters.JUnitReportReporter -->
<testsuite hostname="LAPTOP-GUP4OP6Q" failures="0" tests="3" name="com.dataprovider.com.DemoDataProvider" time="0.010" errors="0" timestamp="2023-05-27T12:46:53 IST" skipped="0">
  <testcase classname="com.dataprovider.com.DemoDataProvider" name="loginTest" time="0.007"/>
  <system-out/>
  <testcase classname="com.dataprovider.com.DemoDataProvider" name="loginTest" time="0.001"/>
  <system-out/>
  <testcase classname="com.dataprovider.com.DemoDataProvider" name="loginTest" time="0.002"/>
  <system-out/>
</testsuite> <!-- com.dataprovider.com.DemoDataProvider -->
